[debug] [2019-12-15T16:28:33.986Z] ----------------------------------------------------------------------
[debug] [2019-12-15T16:28:33.988Z] Command:       /usr/local/bin/node /usr/local/bin/firebase init
[debug] [2019-12-15T16:28:33.988Z] CLI Version:   7.10.0
[debug] [2019-12-15T16:28:33.988Z] Platform:      darwin
[debug] [2019-12-15T16:28:33.988Z] Node Version:  v13.1.0
[debug] [2019-12-15T16:28:33.989Z] Time:          Sun Dec 15 2019 18:28:33 GMT+0200 (Eastern European Standard Time)
[debug] [2019-12-15T16:28:33.989Z] ----------------------------------------------------------------------
[debug] [2019-12-15T16:28:33.989Z] 
[debug] [2019-12-15T16:28:33.997Z] > command requires scopes: ["email","openid","https://www.googleapis.com/auth/cloudplatformprojects.readonly","https://www.googleapis.com/auth/firebase","https://www.googleapis.com/auth/cloud-platform"]
[debug] [2019-12-15T16:28:33.998Z] > authorizing via signed-in user
[info] 
     ######## #### ########  ######## ########     ###     ######  ########
     ##        ##  ##     ## ##       ##     ##  ##   ##  ##       ##
     ######    ##  ########  ######   ########  #########  ######  ######
     ##        ##  ##    ##  ##       ##     ## ##     ##       ## ##
     ##       #### ##     ## ######## ########  ##     ##  ######  ########

You're about to initialize a Firebase project in this directory:

  /Users/annaighoinart/Documents/js/video_games_guide

[info] 
=== Project Setup
[info] 
[info] First, let's associate this project directory with a Firebase project.
[info] You can create multiple project aliases by running firebase use --add, 
[info] but for now we'll just set up a default project.
[info] 
[debug] [2019-12-15T16:28:54.873Z] > refreshing access token with scopes: ["email","https://www.googleapis.com/auth/cloud-platform","https://www.googleapis.com/auth/cloudplatformprojects.readonly","https://www.googleapis.com/auth/firebase","openid"]
[debug] [2019-12-15T16:28:54.874Z] >>> HTTP REQUEST POST https://www.googleapis.com/oauth2/v3/token  
 <request body omitted>
[debug] [2019-12-15T16:28:55.049Z] <<< HTTP RESPONSE 200
[debug] [2019-12-15T16:28:55.066Z] >>> HTTP REQUEST GET https://firebase.googleapis.com/v1beta1/projects?pageSize=100  
 
[debug] [2019-12-15T16:28:55.524Z] <<< HTTP RESPONSE 200
[info] i  Using project video-games-guide (video-games-guide)
[info] 
=== Hosting Setup
[info] 
[info] Your public directory is the folder (relative to your project directory) that
[info] will contain Hosting assets to be uploaded with firebase deploy. If you
[info] have a build process for your assets, use your build's output directory.
[info] 
[debug] [2019-12-15T16:29:31.838Z] >>> HTTP REQUEST GET https://www.gstatic.com/firebasejs/releases.json  
 
[debug] [2019-12-15T16:29:31.915Z] <<< HTTP RESPONSE 200
